{"/Users/francisco.navarro/git/smart-price-api/server/services/item.service.js":{"path":"/Users/francisco.navarro/git/smart-price-api/server/services/item.service.js","s":{"1":1,"2":1,"3":1,"4":1,"5":3,"6":3,"7":3,"8":3,"9":3,"10":1,"11":2,"12":1,"13":0,"14":0,"15":0,"16":1,"17":1,"18":1,"19":1,"20":0,"21":1,"22":1,"23":1,"24":1,"25":3,"26":1,"27":1},"b":{"1":[3,0],"2":[0,1]},"f":{"1":3,"2":2,"3":0,"4":0,"5":1,"6":1,"7":1,"8":3},"fnMap":{"1":{"name":"(anonymous_1)","line":10,"loc":{"start":{"line":10,"column":11},"end":{"line":10,"column":25}}},"2":{"name":"init","line":20,"loc":{"start":{"line":20,"column":0},"end":{"line":20,"column":19}}},"3":{"name":"get","line":28,"loc":{"start":{"line":28,"column":0},"end":{"line":28,"column":29}}},"4":{"name":"(anonymous_4)","line":33,"loc":{"start":{"line":33,"column":35},"end":{"line":33,"column":49}}},"5":{"name":"search","line":39,"loc":{"start":{"line":39,"column":0},"end":{"line":39,"column":47}}},"6":{"name":"(anonymous_6)","line":46,"loc":{"start":{"line":46,"column":35},"end":{"line":46,"column":52}}},"7":{"name":"getItemAttributes","line":58,"loc":{"start":{"line":58,"column":0},"end":{"line":58,"column":34}}},"8":{"name":"(anonymous_8)","line":61,"loc":{"start":{"line":61,"column":16},"end":{"line":61,"column":31}}}},"statementMap":{"1":{"start":{"line":1,"column":0},"end":{"line":1,"column":47}},"2":{"start":{"line":3,"column":0},"end":{"line":6,"column":2}},"3":{"start":{"line":8,"column":0},"end":{"line":8,"column":11}},"4":{"start":{"line":10,"column":0},"end":{"line":18,"column":2}},"5":{"start":{"line":11,"column":2},"end":{"line":12,"column":46}},"6":{"start":{"line":13,"column":2},"end":{"line":16,"column":3}},"7":{"start":{"line":14,"column":4},"end":{"line":14,"column":57}},"8":{"start":{"line":15,"column":4},"end":{"line":15,"column":66}},"9":{"start":{"line":17,"column":2},"end":{"line":17,"column":59}},"10":{"start":{"line":20,"column":0},"end":{"line":26,"column":1}},"11":{"start":{"line":22,"column":2},"end":{"line":25,"column":13}},"12":{"start":{"line":28,"column":0},"end":{"line":36,"column":1}},"13":{"start":{"line":29,"column":2},"end":{"line":32,"column":4}},"14":{"start":{"line":33,"column":2},"end":{"line":35,"column":5}},"15":{"start":{"line":34,"column":4},"end":{"line":34,"column":52}},"16":{"start":{"line":39,"column":0},"end":{"line":56,"column":1}},"17":{"start":{"line":40,"column":2},"end":{"line":44,"column":4}},"18":{"start":{"line":46,"column":2},"end":{"line":55,"column":5}},"19":{"start":{"line":47,"column":4},"end":{"line":49,"column":5}},"20":{"start":{"line":48,"column":6},"end":{"line":48,"column":35}},"21":{"start":{"line":51,"column":4},"end":{"line":54,"column":7}},"22":{"start":{"line":58,"column":0},"end":{"line":66,"column":1}},"23":{"start":{"line":59,"column":2},"end":{"line":59,"column":16}},"24":{"start":{"line":61,"column":2},"end":{"line":63,"column":5}},"25":{"start":{"line":62,"column":4},"end":{"line":62,"column":30}},"26":{"start":{"line":65,"column":2},"end":{"line":65,"column":14}},"27":{"start":{"line":69,"column":0},"end":{"line":73,"column":2}}},"branchMap":{"1":{"line":13,"type":"if","locations":[{"start":{"line":13,"column":2},"end":{"line":13,"column":2}},{"start":{"line":13,"column":2},"end":{"line":13,"column":2}}]},"2":{"line":47,"type":"if","locations":[{"start":{"line":47,"column":4},"end":{"line":47,"column":4}},{"start":{"line":47,"column":4},"end":{"line":47,"column":4}}]}}},"/Users/francisco.navarro/git/smart-price-api/credentials.js":{"path":"/Users/francisco.navarro/git/smart-price-api/credentials.js","s":{"1":1,"2":1},"b":{},"f":{},"fnMap":{},"statementMap":{"1":{"start":{"line":1,"column":0},"end":{"line":5,"column":2}},"2":{"start":{"line":7,"column":0},"end":{"line":7,"column":29}}},"branchMap":{}},"/Users/francisco.navarro/git/smart-price-api/mocks/services/aws-lib.js":{"path":"/Users/francisco.navarro/git/smart-price-api/mocks/services/aws-lib.js","s":{"1":1,"2":1},"b":{},"f":{},"fnMap":{},"statementMap":{"1":{"start":{"line":1,"column":0},"end":{"line":451,"column":2}},"2":{"start":{"line":453,"column":0},"end":{"line":455,"column":2}}},"branchMap":{}},"/Users/francisco.navarro/git/smart-price-api/server/app.js":{"path":"/Users/francisco.navarro/git/smart-price-api/server/app.js","s":{"1":0,"2":0,"3":0,"4":0,"5":0,"6":0,"7":0,"8":0,"9":0,"10":0,"11":0,"12":0,"13":0,"14":0,"15":0,"16":0,"17":0,"18":0,"19":0,"20":0,"21":0,"22":0,"23":0,"24":0,"25":0,"26":0,"27":0,"28":0,"29":0,"30":0,"31":0,"32":0,"33":0,"34":0,"35":0},"b":{"1":[0,0],"2":[0,0],"3":[0,0],"4":[0,0],"5":[0,0],"6":[0,0]},"f":{"1":0,"2":0,"3":0,"4":0,"5":0,"6":0,"7":0,"8":0,"9":0},"fnMap":{"1":{"name":"(anonymous_1)","line":10,"loc":{"start":{"line":10,"column":13},"end":{"line":10,"column":32}}},"2":{"name":"(anonymous_2)","line":18,"loc":{"start":{"line":18,"column":18},"end":{"line":18,"column":43}}},"3":{"name":"(anonymous_3)","line":19,"loc":{"start":{"line":19,"column":19},"end":{"line":19,"column":39}}},"4":{"name":"(anonymous_4)","line":28,"loc":{"start":{"line":28,"column":18},"end":{"line":28,"column":47}}},"5":{"name":"(anonymous_5)","line":31,"loc":{"start":{"line":31,"column":13},"end":{"line":31,"column":33}}},"6":{"name":"(anonymous_6)","line":40,"loc":{"start":{"line":40,"column":24},"end":{"line":40,"column":49}}},"7":{"name":"(anonymous_7)","line":41,"loc":{"start":{"line":41,"column":44},"end":{"line":41,"column":63}}},"8":{"name":"(anonymous_8)","line":43,"loc":{"start":{"line":43,"column":33},"end":{"line":43,"column":53}}},"9":{"name":"(anonymous_9)","line":50,"loc":{"start":{"line":50,"column":17},"end":{"line":50,"column":28}}}},"statementMap":{"1":{"start":{"line":1,"column":0},"end":{"line":1,"column":33}},"2":{"start":{"line":2,"column":0},"end":{"line":2,"column":40}},"3":{"start":{"line":3,"column":0},"end":{"line":3,"column":32}},"4":{"start":{"line":5,"column":0},"end":{"line":5,"column":64}},"5":{"start":{"line":6,"column":0},"end":{"line":6,"column":20}},"6":{"start":{"line":8,"column":0},"end":{"line":8,"column":27}},"7":{"start":{"line":10,"column":0},"end":{"line":12,"column":3}},"8":{"start":{"line":11,"column":2},"end":{"line":11,"column":23}},"9":{"start":{"line":16,"column":0},"end":{"line":16,"column":38}},"10":{"start":{"line":18,"column":0},"end":{"line":26,"column":3}},"11":{"start":{"line":19,"column":2},"end":{"line":25,"column":5}},"12":{"start":{"line":20,"column":4},"end":{"line":22,"column":5}},"13":{"start":{"line":21,"column":6},"end":{"line":21,"column":23}},"14":{"start":{"line":24,"column":4},"end":{"line":24,"column":27}},"15":{"start":{"line":28,"column":0},"end":{"line":38,"column":3}},"16":{"start":{"line":29,"column":2},"end":{"line":29,"column":35}},"17":{"start":{"line":31,"column":2},"end":{"line":37,"column":5}},"18":{"start":{"line":32,"column":4},"end":{"line":32,"column":34}},"19":{"start":{"line":32,"column":15},"end":{"line":32,"column":32}},"20":{"start":{"line":33,"column":4},"end":{"line":33,"column":62}},"21":{"start":{"line":33,"column":17},"end":{"line":33,"column":60}},"22":{"start":{"line":35,"column":4},"end":{"line":35,"column":20}},"23":{"start":{"line":36,"column":4},"end":{"line":36,"column":18}},"24":{"start":{"line":40,"column":0},"end":{"line":48,"column":3}},"25":{"start":{"line":41,"column":2},"end":{"line":47,"column":5}},"26":{"start":{"line":42,"column":4},"end":{"line":42,"column":40}},"27":{"start":{"line":42,"column":22},"end":{"line":42,"column":39}},"28":{"start":{"line":43,"column":4},"end":{"line":46,"column":7}},"29":{"start":{"line":44,"column":6},"end":{"line":44,"column":36}},"30":{"start":{"line":44,"column":17},"end":{"line":44,"column":34}},"31":{"start":{"line":45,"column":6},"end":{"line":45,"column":21}},"32":{"start":{"line":50,"column":0},"end":{"line":52,"column":3}},"33":{"start":{"line":51,"column":2},"end":{"line":51,"column":45}},"34":{"start":{"line":55,"column":0},"end":{"line":55,"column":29}},"35":{"start":{"line":56,"column":0},"end":{"line":56,"column":58}}},"branchMap":{"1":{"line":20,"type":"if","locations":[{"start":{"line":20,"column":4},"end":{"line":20,"column":4}},{"start":{"line":20,"column":4},"end":{"line":20,"column":4}}]},"2":{"line":32,"type":"if","locations":[{"start":{"line":32,"column":4},"end":{"line":32,"column":4}},{"start":{"line":32,"column":4},"end":{"line":32,"column":4}}]},"3":{"line":33,"type":"if","locations":[{"start":{"line":33,"column":4},"end":{"line":33,"column":4}},{"start":{"line":33,"column":4},"end":{"line":33,"column":4}}]},"4":{"line":42,"type":"if","locations":[{"start":{"line":42,"column":4},"end":{"line":42,"column":4}},{"start":{"line":42,"column":4},"end":{"line":42,"column":4}}]},"5":{"line":42,"type":"binary-expr","locations":[{"start":{"line":42,"column":7},"end":{"line":42,"column":10}},{"start":{"line":42,"column":14},"end":{"line":42,"column":19}}]},"6":{"line":44,"type":"if","locations":[{"start":{"line":44,"column":6},"end":{"line":44,"column":6}},{"start":{"line":44,"column":6},"end":{"line":44,"column":6}}]}}},"/Users/francisco.navarro/git/smart-price-api/server/controllers/item.controller.js":{"path":"/Users/francisco.navarro/git/smart-price-api/server/controllers/item.controller.js","s":{"1":0,"2":0,"3":0,"4":0,"5":0,"6":0,"7":0,"8":0,"9":0,"10":0,"11":0,"12":0,"13":0,"14":0,"15":0,"16":0,"17":0,"18":0,"19":0,"20":0,"21":0,"22":0,"23":0,"24":0,"25":0,"26":0,"27":0,"28":0,"29":0,"30":0,"31":0,"32":0,"33":0,"34":0,"35":0,"36":0,"37":0,"38":0,"39":0},"b":{"1":[0,0],"2":[0,0],"3":[0,0],"4":[0,0],"5":[0,0]},"f":{"1":0,"2":0,"3":0,"4":0,"5":0,"6":0,"7":0,"8":0,"9":0,"10":0,"11":0},"fnMap":{"1":{"name":"init","line":11,"loc":{"start":{"line":11,"column":0},"end":{"line":11,"column":17}}},"2":{"name":"search","line":23,"loc":{"start":{"line":23,"column":0},"end":{"line":23,"column":26}}},"3":{"name":"(anonymous_3)","line":28,"loc":{"start":{"line":28,"column":4},"end":{"line":28,"column":28}}},"4":{"name":"get","line":37,"loc":{"start":{"line":37,"column":0},"end":{"line":37,"column":31}}},"5":{"name":"(anonymous_5)","line":40,"loc":{"start":{"line":40,"column":24},"end":{"line":40,"column":45}}},"6":{"name":"update","line":46,"loc":{"start":{"line":46,"column":0},"end":{"line":46,"column":21}}},"7":{"name":"(anonymous_7)","line":47,"loc":{"start":{"line":47,"column":29},"end":{"line":47,"column":50}}},"8":{"name":"(anonymous_8)","line":51,"loc":{"start":{"line":51,"column":16},"end":{"line":51,"column":36}}},"9":{"name":"watchPrices","line":60,"loc":{"start":{"line":60,"column":0},"end":{"line":60,"column":23}}},"10":{"name":"(anonymous_10)","line":62,"loc":{"start":{"line":62,"column":19},"end":{"line":62,"column":39}}},"11":{"name":"(anonymous_11)","line":66,"loc":{"start":{"line":66,"column":18},"end":{"line":66,"column":33}}}},"statementMap":{"1":{"start":{"line":2,"column":0},"end":{"line":2,"column":34}},"2":{"start":{"line":3,"column":0},"end":{"line":3,"column":56}},"3":{"start":{"line":4,"column":0},"end":{"line":4,"column":65}},"4":{"start":{"line":5,"column":0},"end":{"line":5,"column":22}},"5":{"start":{"line":6,"column":0},"end":{"line":6,"column":28}},"6":{"start":{"line":7,"column":0},"end":{"line":7,"column":28}},"7":{"start":{"line":9,"column":0},"end":{"line":9,"column":12}},"8":{"start":{"line":11,"column":0},"end":{"line":21,"column":1}},"9":{"start":{"line":13,"column":2},"end":{"line":13,"column":24}},"10":{"start":{"line":15,"column":2},"end":{"line":20,"column":3}},"11":{"start":{"line":23,"column":0},"end":{"line":35,"column":1}},"12":{"start":{"line":24,"column":2},"end":{"line":24,"column":33}},"13":{"start":{"line":26,"column":2},"end":{"line":34,"column":3}},"14":{"start":{"line":27,"column":4},"end":{"line":31,"column":7}},"15":{"start":{"line":29,"column":6},"end":{"line":29,"column":25}},"16":{"start":{"line":30,"column":6},"end":{"line":30,"column":36}},"17":{"start":{"line":33,"column":4},"end":{"line":33,"column":40}},"18":{"start":{"line":37,"column":0},"end":{"line":44,"column":1}},"19":{"start":{"line":38,"column":2},"end":{"line":38,"column":32}},"20":{"start":{"line":40,"column":2},"end":{"line":43,"column":5}},"21":{"start":{"line":41,"column":4},"end":{"line":41,"column":26}},"22":{"start":{"line":42,"column":4},"end":{"line":42,"column":39}},"23":{"start":{"line":46,"column":0},"end":{"line":58,"column":1}},"24":{"start":{"line":47,"column":2},"end":{"line":57,"column":5}},"25":{"start":{"line":48,"column":4},"end":{"line":56,"column":5}},"26":{"start":{"line":49,"column":6},"end":{"line":49,"column":38}},"27":{"start":{"line":50,"column":6},"end":{"line":50,"column":46}},"28":{"start":{"line":51,"column":6},"end":{"line":55,"column":9}},"29":{"start":{"line":52,"column":8},"end":{"line":54,"column":9}},"30":{"start":{"line":53,"column":10},"end":{"line":53,"column":29}},"31":{"start":{"line":60,"column":0},"end":{"line":71,"column":1}},"32":{"start":{"line":61,"column":2},"end":{"line":61,"column":40}},"33":{"start":{"line":62,"column":2},"end":{"line":69,"column":5}},"34":{"start":{"line":63,"column":4},"end":{"line":65,"column":5}},"35":{"start":{"line":64,"column":6},"end":{"line":64,"column":16}},"36":{"start":{"line":66,"column":4},"end":{"line":68,"column":7}},"37":{"start":{"line":67,"column":6},"end":{"line":67,"column":19}},"38":{"start":{"line":70,"column":2},"end":{"line":70,"column":36}},"39":{"start":{"line":73,"column":0},"end":{"line":73,"column":22}}},"branchMap":{"1":{"line":24,"type":"binary-expr","locations":[{"start":{"line":24,"column":13},"end":{"line":24,"column":27}},{"start":{"line":24,"column":31},"end":{"line":24,"column":32}}]},"2":{"line":26,"type":"if","locations":[{"start":{"line":26,"column":2},"end":{"line":26,"column":2}},{"start":{"line":26,"column":2},"end":{"line":26,"column":2}}]},"3":{"line":48,"type":"if","locations":[{"start":{"line":48,"column":4},"end":{"line":48,"column":4}},{"start":{"line":48,"column":4},"end":{"line":48,"column":4}}]},"4":{"line":52,"type":"if","locations":[{"start":{"line":52,"column":8},"end":{"line":52,"column":8}},{"start":{"line":52,"column":8},"end":{"line":52,"column":8}}]},"5":{"line":63,"type":"if","locations":[{"start":{"line":63,"column":4},"end":{"line":63,"column":4}},{"start":{"line":63,"column":4},"end":{"line":63,"column":4}}]}}},"/Users/francisco.navarro/git/smart-price-api/server/db.js":{"path":"/Users/francisco.navarro/git/smart-price-api/server/db.js","s":{"1":0,"2":0,"3":0,"4":0,"5":0,"6":0,"7":0},"b":{"1":[0,0],"2":[0,0],"3":[0,0]},"f":{},"fnMap":{},"statementMap":{"1":{"start":{"line":1,"column":0},"end":{"line":1,"column":35}},"2":{"start":{"line":2,"column":0},"end":{"line":2,"column":26}},"3":{"start":{"line":3,"column":0},"end":{"line":3,"column":26}},"4":{"start":{"line":4,"column":0},"end":{"line":7,"column":2}},"5":{"start":{"line":8,"column":0},"end":{"line":11,"column":19}},"6":{"start":{"line":13,"column":1},"end":{"line":13,"column":75}},"7":{"start":{"line":15,"column":0},"end":{"line":15,"column":20}}},"branchMap":{"1":{"line":8,"type":"binary-expr","locations":[{"start":{"line":8,"column":14},"end":{"line":8,"column":51}},{"start":{"line":8,"column":55},"end":{"line":8,"column":66}}]},"2":{"line":9,"type":"binary-expr","locations":[{"start":{"line":9,"column":13},"end":{"line":9,"column":50}},{"start":{"line":9,"column":54},"end":{"line":9,"column":61}}]},"3":{"line":10,"type":"cond-expr","locations":[{"start":{"line":10,"column":39},"end":{"line":10,"column":41}},{"start":{"line":10,"column":44},"end":{"line":10,"column":65}}]}}},"/Users/francisco.navarro/git/smart-price-api/server/models/Items.js":{"path":"/Users/francisco.navarro/git/smart-price-api/server/models/Items.js","s":{"1":0,"2":0,"3":0},"b":{},"f":{},"fnMap":{},"statementMap":{"1":{"start":{"line":1,"column":0},"end":{"line":1,"column":35}},"2":{"start":{"line":3,"column":0},"end":{"line":8,"column":3}},"3":{"start":{"line":10,"column":0},"end":{"line":10,"column":35}}},"branchMap":{}},"/Users/francisco.navarro/git/smart-price-api/server/models/Users.js":{"path":"/Users/francisco.navarro/git/smart-price-api/server/models/Users.js","s":{"1":0,"2":0,"3":0},"b":{},"f":{},"fnMap":{},"statementMap":{"1":{"start":{"line":1,"column":0},"end":{"line":1,"column":35}},"2":{"start":{"line":6,"column":0},"end":{"line":10,"column":3}},"3":{"start":{"line":44,"column":0},"end":{"line":44,"column":35}}},"branchMap":{}},"/Users/francisco.navarro/git/smart-price-api/server/services/pushNotifier.service.js":{"path":"/Users/francisco.navarro/git/smart-price-api/server/services/pushNotifier.service.js","s":{"1":0,"2":0,"3":0,"4":0,"5":0,"6":0,"7":0,"8":0},"b":{"1":[0,0]},"f":{"1":0},"fnMap":{"1":{"name":"send","line":2,"loc":{"start":{"line":2,"column":0},"end":{"line":2,"column":32}}}},"statementMap":{"1":{"start":{"line":2,"column":0},"end":{"line":11,"column":1}},"2":{"start":{"line":3,"column":1},"end":{"line":3,"column":42}},"3":{"start":{"line":4,"column":1},"end":{"line":8,"column":2}},"4":{"start":{"line":5,"column":2},"end":{"line":5,"column":31}},"5":{"start":{"line":7,"column":2},"end":{"line":7,"column":31}},"6":{"start":{"line":9,"column":1},"end":{"line":9,"column":53}},"7":{"start":{"line":10,"column":1},"end":{"line":10,"column":31}},"8":{"start":{"line":13,"column":0},"end":{"line":15,"column":2}}},"branchMap":{"1":{"line":4,"type":"if","locations":[{"start":{"line":4,"column":1},"end":{"line":4,"column":1}},{"start":{"line":4,"column":1},"end":{"line":4,"column":1}}]}}}}