TN:
SF:/Users/francisco.navarro/git/smart-price-api/server/services/item.service.js
FN:10,(anonymous_1)
FN:20,init
FN:28,get
FN:33,(anonymous_4)
FN:39,search
FN:46,(anonymous_6)
FN:58,getItemAttributes
FN:61,(anonymous_8)
FNF:8
FNH:6
FNDA:3,(anonymous_1)
FNDA:2,init
FNDA:0,get
FNDA:0,(anonymous_4)
FNDA:1,search
FNDA:1,(anonymous_6)
FNDA:1,getItemAttributes
FNDA:3,(anonymous_8)
DA:1,1
DA:3,1
DA:8,1
DA:10,1
DA:11,3
DA:13,3
DA:14,3
DA:15,3
DA:17,3
DA:20,1
DA:22,2
DA:28,1
DA:29,0
DA:33,0
DA:34,0
DA:39,1
DA:40,1
DA:46,1
DA:47,1
DA:48,0
DA:51,1
DA:58,1
DA:59,1
DA:61,1
DA:62,3
DA:65,1
DA:69,1
LF:27
LH:23
BRDA:13,1,0,3
BRDA:13,1,1,0
BRDA:47,2,0,0
BRDA:47,2,1,1
BRF:4
BRH:2
end_of_record
TN:
SF:/Users/francisco.navarro/git/smart-price-api/credentials.js
FNF:0
FNH:0
DA:1,1
DA:7,1
LF:2
LH:2
BRF:0
BRH:0
end_of_record
TN:
SF:/Users/francisco.navarro/git/smart-price-api/mocks/services/aws-lib.js
FNF:0
FNH:0
DA:1,1
DA:453,1
LF:2
LH:2
BRF:0
BRH:0
end_of_record
TN:
SF:/Users/francisco.navarro/git/smart-price-api/server/app.js
FN:10,(anonymous_1)
FN:18,(anonymous_2)
FN:19,(anonymous_3)
FN:28,(anonymous_4)
FN:31,(anonymous_5)
FN:40,(anonymous_6)
FN:41,(anonymous_7)
FN:43,(anonymous_8)
FN:50,(anonymous_9)
FNF:9
FNH:0
FNDA:0,(anonymous_1)
FNDA:0,(anonymous_2)
FNDA:0,(anonymous_3)
FNDA:0,(anonymous_4)
FNDA:0,(anonymous_5)
FNDA:0,(anonymous_6)
FNDA:0,(anonymous_7)
FNDA:0,(anonymous_8)
FNDA:0,(anonymous_9)
DA:1,0
DA:2,0
DA:3,0
DA:5,0
DA:6,0
DA:8,0
DA:10,0
DA:11,0
DA:16,0
DA:18,0
DA:19,0
DA:20,0
DA:21,0
DA:24,0
DA:28,0
DA:29,0
DA:31,0
DA:32,0
DA:33,0
DA:35,0
DA:36,0
DA:40,0
DA:41,0
DA:42,0
DA:43,0
DA:44,0
DA:45,0
DA:50,0
DA:51,0
DA:55,0
DA:56,0
LF:31
LH:0
BRDA:20,1,0,0
BRDA:20,1,1,0
BRDA:32,2,0,0
BRDA:32,2,1,0
BRDA:33,3,0,0
BRDA:33,3,1,0
BRDA:42,4,0,0
BRDA:42,4,1,0
BRDA:42,5,0,0
BRDA:42,5,1,0
BRDA:44,6,0,0
BRDA:44,6,1,0
BRF:12
BRH:0
end_of_record
TN:
SF:/Users/francisco.navarro/git/smart-price-api/server/controllers/item.controller.js
FN:11,init
FN:23,search
FN:28,(anonymous_3)
FN:37,get
FN:40,(anonymous_5)
FN:46,update
FN:47,(anonymous_7)
FN:51,(anonymous_8)
FN:60,watchPrices
FN:62,(anonymous_10)
FN:66,(anonymous_11)
FNF:11
FNH:0
FNDA:0,init
FNDA:0,search
FNDA:0,(anonymous_3)
FNDA:0,get
FNDA:0,(anonymous_5)
FNDA:0,update
FNDA:0,(anonymous_7)
FNDA:0,(anonymous_8)
FNDA:0,watchPrices
FNDA:0,(anonymous_10)
FNDA:0,(anonymous_11)
DA:2,0
DA:3,0
DA:4,0
DA:5,0
DA:6,0
DA:7,0
DA:9,0
DA:11,0
DA:13,0
DA:15,0
DA:23,0
DA:24,0
DA:26,0
DA:27,0
DA:29,0
DA:30,0
DA:33,0
DA:37,0
DA:38,0
DA:40,0
DA:41,0
DA:42,0
DA:46,0
DA:47,0
DA:48,0
DA:49,0
DA:50,0
DA:51,0
DA:52,0
DA:53,0
DA:60,0
DA:61,0
DA:62,0
DA:63,0
DA:64,0
DA:66,0
DA:67,0
DA:70,0
DA:73,0
LF:39
LH:0
BRDA:24,1,0,0
BRDA:24,1,1,0
BRDA:26,2,0,0
BRDA:26,2,1,0
BRDA:48,3,0,0
BRDA:48,3,1,0
BRDA:52,4,0,0
BRDA:52,4,1,0
BRDA:63,5,0,0
BRDA:63,5,1,0
BRF:10
BRH:0
end_of_record
TN:
SF:/Users/francisco.navarro/git/smart-price-api/server/db.js
FNF:0
FNH:0
DA:1,0
DA:2,0
DA:3,0
DA:4,0
DA:8,0
DA:13,0
DA:15,0
LF:7
LH:0
BRDA:8,1,0,0
BRDA:8,1,1,0
BRDA:9,2,0,0
BRDA:9,2,1,0
BRDA:10,3,0,0
BRDA:10,3,1,0
BRF:6
BRH:0
end_of_record
TN:
SF:/Users/francisco.navarro/git/smart-price-api/server/models/Items.js
FNF:0
FNH:0
DA:1,0
DA:3,0
DA:10,0
LF:3
LH:0
BRF:0
BRH:0
end_of_record
TN:
SF:/Users/francisco.navarro/git/smart-price-api/server/models/Users.js
FNF:0
FNH:0
DA:1,0
DA:6,0
DA:44,0
LF:3
LH:0
BRF:0
BRH:0
end_of_record
TN:
SF:/Users/francisco.navarro/git/smart-price-api/server/services/pushNotifier.service.js
FN:2,send
FNF:1
FNH:0
FNDA:0,send
DA:2,0
DA:3,0
DA:4,0
DA:5,0
DA:7,0
DA:9,0
DA:10,0
DA:13,0
LF:8
LH:0
BRDA:4,1,0,0
BRDA:4,1,1,0
BRF:2
BRH:0
end_of_record
